<?xml version="1.0" encoding="UTF-8"?>
<!-- Generated by org.testng.reporters.JUnitReportReporter -->
<testsuite hostname="DESKTOP-KJUS8R9" failures="0" tests="4" name="tests.SwagLabs.CommonTests" time="8.357" errors="0" timestamp="2023-07-10T22:40:25 IST" skipped="0">
  <testcase classname="tests.SwagLabs.CommonTests" name="verifyPageSourceElement" time="0.083"/>
  <system-out/>
  <testcase classname="tests.SwagLabs.CommonTests" name="verifyPageTitles" time="0.342"/>
  <system-out/>
  <testcase classname="tests.SwagLabs.CommonTests" name="verifyPageURL" time="1.809"/>
  <system-out/>
  <testcase classname="tests.SwagLabs.CommonTests" name="windowHandle" time="6.123"/>
  <system-out/>
</testsuite> <!-- tests.SwagLabs.CommonTests -->
