<?xml version="1.0" encoding="UTF-8"?>
<!-- Generated by org.testng.reporters.JUnitReportReporter -->
<testsuite hostname="LAPTOP-P1Q3UM62" failures="0" tests="4" name="tests.SwagLabs.HomePageTests" time="6.695" errors="0" timestamp="2023-07-11T10:56:27 IST" skipped="0">
  <testcase classname="tests.SwagLabs.HomePageTests" name="addToCart" time="1.987"/>
  <testcase classname="tests.SwagLabs.HomePageTests" name="applyFilter" time="1.016"/>
  <testcase classname="tests.SwagLabs.HomePageTests" name="goToProductPage" time="1.902"/>
  <testcase classname="tests.SwagLabs.HomePageTests" name="removeFromCart" time="1.790"/>
</testsuite> <!-- tests.SwagLabs.HomePageTests -->
