<?xml version="1.0" encoding="UTF-8"?>
<!-- Generated by org.testng.reporters.JUnitReportReporter -->
<testsuite hostname="LAPTOP-P1Q3UM62" failures="0" tests="11" name="tests.SwagLabs.LoginTests" time="19.593" errors="0" timestamp="2023-07-11T10:56:27 IST" skipped="0">
  <testcase classname="tests.SwagLabs.LoginTests" name="loginInvalidEmail" time="0.556"/>
  <testcase classname="tests.SwagLabs.LoginTests" name="login" time="0.982"/>
  <testcase classname="tests.SwagLabs.LoginTests" name="loginInvalidPassword" time="0.995"/>
  <testcase classname="tests.SwagLabs.LoginTests" name="loginEnter" time="0.658"/>
  <testcase classname="tests.SwagLabs.LoginTests" name="loginEnter" time="6.533"/>
  <testcase classname="tests.SwagLabs.LoginTests" name="loginEnter" time="0.733"/>
  <testcase classname="tests.SwagLabs.LoginTests" name="login" time="5.716"/>
  <testcase classname="tests.SwagLabs.LoginTests" name="login" time="0.711"/>
  <testcase classname="tests.SwagLabs.LoginTests" name="login" time="0.647"/>
  <testcase classname="tests.SwagLabs.LoginTests" name="loginEnter" time="0.564"/>
  <testcase classname="tests.SwagLabs.LoginTests" name="logout" time="1.498"/>
</testsuite> <!-- tests.SwagLabs.LoginTests -->
