<?xml version="1.0" encoding="UTF-8"?>
<!-- Generated by org.testng.reporters.JUnitReportReporter -->
<testsuite hostname="LAPTOP-P1Q3UM62" failures="0" tests="2" name="tests.SwagLabs.ProductPageTests" time="4.193" errors="0" timestamp="2023-07-11T10:56:27 IST" skipped="0">
  <testcase classname="tests.SwagLabs.ProductPageTests" name="addToCartProductPage" time="3.021"/>
  <testcase classname="tests.SwagLabs.ProductPageTests" name="removeFromCartProductPage" time="1.172"/>
</testsuite> <!-- tests.SwagLabs.ProductPageTests -->
